build/app/intermediates/proguard-rules/release/aapt_rules.txt
# Referenced at release/arm64-v8a/AndroidManifest.xml:19
-keep class androidx.core.app.CoreComponentFactory { <init>(); }
# Referenced at release/arm64-v8a/AndroidManifest.xml:25
-keep class com.example.llm_mobile_app.MainActivity { <init>(); }
# Referenced at release/arm64-v8a/AndroidManifest.xml:19
-keep class io.flutter.app.FlutterApplication { <init>(); }