build/app/outputs/mapping/release/mapping.txt
# compiler: R8
# compiler_version: 1.5.64
# min_api: 16
# pg_map_id: bd83ee3
com.example.llm_mobile_app.MainActivity -> com.example.llm_mobile_app.MainActivity:
    void configureFlutterEngine(io.flutter.embedding.engine.FlutterEngine) -> a
...
androidx.webkit.internal.SafeBrowsingResponseImpl -> androidx.webkit.d.b:
    org.chromium.support_lib_boundary.SafeBrowsingResponseBoundaryInterface mBoundaryInterface -> b
    android.webkit.SafeBrowsingResponse mFrameworksImpl -> a
    org.chromium.support_lib_boundary.SafeBrowsingResponseBoundaryInterface getBoundaryInterface() -> a
    void showInterstitial(boolean) -> a
    android.webkit.SafeBrowsingResponse getFrameworksImpl() -> b
androidx.webkit.internal.WebResourceErrorImpl -> androidx.webkit.d.c:
    android.webkit.WebResourceError mFrameworksImpl -> a
    org.chromium.support_lib_boundary.WebResourceErrorBoundaryInterface mBoundaryInterface -> b
    java.lang.CharSequence getDescription() -> a
    int getErrorCode() -> b
    org.chromium.support_lib_boundary.WebResourceErrorBoundaryInterface getBoundaryInterface() -> c
    android.webkit.WebResourceError getFrameworksImpl() -> d
androidx.webkit.internal.WebViewFeatureInternal -> androidx.webkit.d.d:
    androidx.webkit.internal.WebViewFeatureInternal SAFE_BROWSING_RESPONSE_BACK_TO_SAFETY -> w
    androidx.webkit.internal.WebViewFeatureInternal WEB_RESOURCE_ERROR_GET_DESCRIPTION -> u
    androidx.webkit.internal.WebViewFeatureInternal SAFE_BROWSING_RESPONSE_SHOW_INTERSTITIAL -> y
    androidx.webkit.internal.WebViewFeatureInternal CREATE_WEB_MESSAGE_CHANNEL -> C
    int mOsVersion -> b
    androidx.webkit.internal.WebViewFeatureInternal OFF_SCREEN_PRERASTER -> d
    androidx.webkit.internal.WebViewFeatureInternal WEB_MESSAGE_PORT_CLOSE -> A
    androidx.webkit.internal.WebViewFeatureInternal START_SAFE_BROWSING -> g
    androidx.webkit.internal.WebViewFeatureInternal SAFE_BROWSING_ENABLE -> e
    androidx.webkit.internal.WebViewFeatureInternal SERVICE_WORKER_CACHE_MODE -> k
    androidx.webkit.internal.WebViewFeatureInternal SAFE_BROWSING_PRIVACY_POLICY_URL -> i
    androidx.webkit.internal.WebViewFeatureInternal SERVICE_WORKER_SHOULD_INTERCEPT_REQUEST -> o
    androidx.webkit.internal.WebViewFeatureInternal SERVICE_WORKER_FILE_ACCESS -> m
    java.lang.String mFeatureValue -> a
    androidx.webkit.internal.WebViewFeatureInternal SAFE_BROWSING_HIT -> s
    androidx.webkit.internal.WebViewFeatureInternal RECEIVE_HTTP_ERROR -> q
    androidx.webkit.internal.WebViewFeatureInternal SAFE_BROWSING_RESPONSE_PROCEED -> x
    androidx.webkit.internal.WebViewFeatureInternal WEB_RESOURCE_ERROR_GET_CODE -> v
androidx.webkit.internal.WebViewFeatureInternal$LAZY_HOLDER -> androidx.webkit.d.d$a:
    java.lang.String[] WEBVIEW_APK_FEATURES -> a
androidx.webkit.internal.WebViewGlueCommunicator -> androidx.webkit.d.e:
    androidx.webkit.internal.WebViewProviderFactory createGlueProviderFactory() -> a
    java.lang.reflect.InvocationHandler fetchGlueProviderFactoryImpl() -> b
    androidx.webkit.internal.WebkitToCompatConverter getCompatConverter() -> c
    androidx.webkit.internal.WebViewProviderFactory getFactory() -> d
    java.lang.ClassLoader getWebViewClassLoader() -> e
    java.lang.Object getWebViewProviderFactory() -> f
androidx.webkit.internal.WebViewGlueCommunicator$LAZY_COMPAT_CONVERTER_HOLDER -> androidx.webkit.d.e$a:
    androidx.webkit.internal.WebkitToCompatConverter INSTANCE -> a
androidx.webkit.internal.WebViewGlueCommunicator$LAZY_FACTORY_HOLDER -> androidx.webkit.d.e$b:
    androidx.webkit.internal.WebViewProviderFactory INSTANCE -> a
androidx.webkit.internal.WebViewProviderFactory -> androidx.webkit.d.f:
    java.lang.String[] getWebViewFeatures() -> a
androidx.webkit.internal.WebViewProviderFactoryAdapter -> androidx.webkit.d.g:
    org.chromium.support_lib_boundary.WebViewProviderFactoryBoundaryInterface mImpl -> a
    java.lang.String[] getWebViewFeatures() -> a